<?xml version="1.0" encoding="UTF-8"?>
<!-- Generated by org.testng.reporters.JUnitReportReporter -->
<testsuite hostname="XAV-101000885" name="tutorial.Selenium" tests="1" failures="0" timestamp="8 Feb 2017 04:52:16 GMT" time="13.513" errors="0">
  <testcase name="inititate" time="13.513" classname="tutorial.Selenium"/>
</testsuite> <!-- tutorial.Selenium -->
